[2026-03-31 11:58:22] [INFO] Using device: cuda
[2026-03-31 11:58:22] [INFO] GPU: NVIDIA GeForce RTX 5090
[2026-03-31 11:58:22] [INFO] Building dataloaders …
[2026-03-31 11:58:22] [INFO] Train: {'total': 81, 'positive': 36, 'negative': 45}
[2026-03-31 11:58:22] [INFO] Val  : {'total': 13, 'positive': 6, 'negative': 7}
[2026-03-31 11:58:22] [INFO] Building model: convnext_small …
[2026-03-31 11:58:24] [INFO] 
=======================================================
  Model: ToothMatchNet
-------------------------------------------------------
  Total parameters    :     102,608,863
  Trainable parameters:     102,608,863
  Frozen  parameters  :               0
=======================================================
[2026-03-31 11:58:24] [INFO] Loss: BCEFocalLoss | pos_weight=1.2500
[2026-03-31 11:58:24] [INFO] TensorBoard writer created.
[2026-03-31 11:58:24] [INFO]   [Freeze] ConvNeXt backbone frozen (98,906,304 params frozen, 3,702,559 trainable). Training: adapter + fusion + head for 10 epochs.
[2026-03-31 11:58:24] [INFO] Starting training for 150 epochs …
[2026-03-31 11:58:42] [INFO] 
=================================================================
  Epoch 001/150  [00:00:17]  LR=1.00e-04
  Train | Loss=0.6294 Acc=0.4250 F1=0.4773 AUC=N/A
  Val   | Loss=0.4462  Acc=0.5385  F1=0.4000  AUC=N/A  AP=N/A
  Val   | P=0.5000 R=0.3333  Spec=0.7143  TP=2 FP=2 TN=5 FN=4
  Val   | prob_mean=0.4719  prob_std=0.0429  ← 模型输出无区分度！
=================================================================
[2026-03-31 11:58:42] [INFO]   ★ New best checkpoint saved: epoch_0001_val_f1_0.4000.pth (val_f1=0.4000)
[2026-03-31 11:58:55] [INFO] 
=================================================================
  Epoch 002/150  [00:00:13]  LR=1.50e-04
  Train | Loss=0.4864 Acc=0.6375 F1=0.6667 AUC=N/A
  Val   | Loss=0.4807  Acc=0.3846  F1=0.3333  AUC=N/A  AP=N/A
  Val   | P=0.3333 R=0.3333  Spec=0.4286  TP=2 FP=4 TN=3 FN=4
  Val   | prob_mean=0.4968  prob_std=0.0678
=================================================================
[2026-03-31 11:59:08] [INFO] 
=================================================================
  Epoch 003/150  [00:00:13]  LR=2.00e-04
  Train | Loss=0.5935 Acc=0.4625 F1=0.5275 AUC=N/A
  Val   | Loss=0.4370  Acc=0.6154  F1=0.5455  AUC=N/A  AP=N/A
  Val   | P=0.6000 R=0.5000  Spec=0.7143  TP=3 FP=2 TN=5 FN=3
  Val   | prob_mean=0.4804  prob_std=0.0454  ← 模型输出无区分度！
=================================================================
[2026-03-31 11:59:09] [INFO]   ★ New best checkpoint saved: epoch_0003_val_f1_0.5455.pth (val_f1=0.5455)
[2026-03-31 11:59:22] [INFO] 
=================================================================
  Epoch 004/150  [00:00:13]  LR=2.50e-04
  Train | Loss=0.5293 Acc=0.4875 F1=0.4810 AUC=N/A
  Val   | Loss=0.4392  Acc=0.4615  F1=0.5333  AUC=N/A  AP=N/A
  Val   | P=0.4444 R=0.6667  Spec=0.2857  TP=4 FP=5 TN=2 FN=2
  Val   | prob_mean=0.5176  prob_std=0.0696
=================================================================
[2026-03-31 11:59:35] [INFO] 
=================================================================
  Epoch 005/150  [00:00:13]  LR=3.00e-04
  Train | Loss=0.5893 Acc=0.5000 F1=0.5455 AUC=N/A
  Val   | Loss=0.5607  Acc=0.4615  F1=0.6316  AUC=N/A  AP=N/A
  Val   | P=0.4615 R=1.0000  Spec=0.0000  TP=6 FP=7 TN=0 FN=0
  Val   | prob_mean=0.6736  prob_std=0.0781
=================================================================
[2026-03-31 11:59:36] [INFO]   ★ New best checkpoint saved: epoch_0005_val_f1_0.6316.pth (val_f1=0.6316)
[2026-03-31 11:59:49] [INFO] 
=================================================================
  Epoch 006/150  [00:00:13]  LR=3.00e-04
  Train | Loss=0.5135 Acc=0.5375 F1=0.6105 AUC=N/A
  Val   | Loss=0.7535  Acc=0.4615  F1=0.6316  AUC=N/A  AP=N/A
  Val   | P=0.4615 R=1.0000  Spec=0.0000  TP=6 FP=7 TN=0 FN=0
  Val   | prob_mean=0.7828  prob_std=0.0427  ← 模型输出无区分度！
=================================================================
[2026-03-31 12:00:02] [INFO] 
=================================================================
  Epoch 007/150  [00:00:13]  LR=3.00e-04
  Train | Loss=0.5103 Acc=0.5250 F1=0.5581 AUC=N/A
  Val   | Loss=0.7867  Acc=0.4615  F1=0.6316  AUC=N/A  AP=N/A
  Val   | P=0.4615 R=1.0000  Spec=0.0000  TP=6 FP=7 TN=0 FN=0
  Val   | prob_mean=0.7714  prob_std=0.0593
=================================================================
[2026-03-31 12:00:15] [INFO] 
=================================================================
  Epoch 008/150  [00:00:13]  LR=3.00e-04
  Train | Loss=0.5421 Acc=0.4750 F1=0.5000 AUC=N/A
  Val   | Loss=0.6956  Acc=0.4615  F1=0.6316  AUC=N/A  AP=N/A
  Val   | P=0.4615 R=1.0000  Spec=0.0000  TP=6 FP=7 TN=0 FN=0
  Val   | prob_mean=0.7123  prob_std=0.0817
=================================================================
[2026-03-31 12:00:28] [INFO] 
=================================================================
  Epoch 009/150  [00:00:13]  LR=2.99e-04
  Train | Loss=0.5403 Acc=0.5375 F1=0.4789 AUC=N/A
  Val   | Loss=0.5679  Acc=0.4615  F1=0.6316  AUC=N/A  AP=N/A
  Val   | P=0.4615 R=1.0000  Spec=0.0000  TP=6 FP=7 TN=0 FN=0
  Val   | prob_mean=0.6336  prob_std=0.0848
=================================================================
[2026-03-31 12:00:42] [INFO] 
=================================================================
  Epoch 010/150  [00:00:13]  LR=2.99e-04
  Train | Loss=0.5257 Acc=0.5125 F1=0.5517 AUC=N/A
  Val   | Loss=0.5401  Acc=0.4615  F1=0.6316  AUC=N/A  AP=N/A
  Val   | P=0.4615 R=1.0000  Spec=0.0000  TP=6 FP=7 TN=0 FN=0
  Val   | prob_mean=0.6229  prob_std=0.0828
=================================================================
[2026-03-31 12:00:42] [INFO]   [Unfreeze] Full backbone unfrozen — end-to-end fine-tuning (102,608,863 trainable params).
[2026-03-31 12:00:42] [INFO]   [LR reset] backbone LR → 3.00e-05
[2026-03-31 12:00:55] [INFO] 
=================================================================
  Epoch 011/150  [00:00:12]  LR=2.99e-04
  Train | Loss=0.5413 Acc=0.4875 F1=0.5591 AUC=N/A
  Val   | Loss=0.5761  Acc=0.4615  F1=0.6316  AUC=N/A  AP=N/A
  Val   | P=0.4615 R=1.0000  Spec=0.0000  TP=6 FP=7 TN=0 FN=0
  Val   | prob_mean=0.6579  prob_std=0.0853
=================================================================
[2026-03-31 12:01:08] [INFO] 
=================================================================
  Epoch 012/150  [00:00:13]  LR=2.98e-04
  Train | Loss=0.4734 Acc=0.5625 F1=0.6237 AUC=N/A
  Val   | Loss=0.5881  Acc=0.4615  F1=0.6316  AUC=N/A  AP=N/A
  Val   | P=0.4615 R=1.0000  Spec=0.0000  TP=6 FP=7 TN=0 FN=0
  Val   | prob_mean=0.7064  prob_std=0.0723
=================================================================
[2026-03-31 12:01:22] [INFO] 
=================================================================
  Epoch 013/150  [00:00:13]  LR=2.98e-04
  Train | Loss=0.4614 Acc=0.6250 F1=0.6939 AUC=N/A
  Val   | Loss=0.4472  Acc=0.4615  F1=0.5882  AUC=N/A  AP=N/A
  Val   | P=0.4545 R=0.8333  Spec=0.1429  TP=5 FP=6 TN=1 FN=1
  Val   | prob_mean=0.5325  prob_std=0.0490  ← 模型输出无区分度！
=================================================================
[2026-03-31 12:01:35] [INFO] 
=================================================================
  Epoch 014/150  [00:00:13]  LR=2.97e-04
  Train | Loss=0.5360 Acc=0.5375 F1=0.5195 AUC=N/A
  Val   | Loss=0.4463  Acc=0.6154  F1=0.4444  AUC=N/A  AP=N/A
  Val   | P=0.6667 R=0.3333  Spec=0.8571  TP=2 FP=1 TN=6 FN=4
  Val   | prob_mean=0.4712  prob_std=0.0539
=================================================================
[2026-03-31 12:01:48] [INFO] 
=================================================================
  Epoch 015/150  [00:00:13]  LR=2.97e-04
  Train | Loss=0.5287 Acc=0.5250 F1=0.5682 AUC=N/A
  Val   | Loss=0.4705  Acc=0.4615  F1=0.3636  AUC=N/A  AP=N/A
  Val   | P=0.4000 R=0.3333  Spec=0.5714  TP=2 FP=3 TN=4 FN=4
  Val   | prob_mean=0.4782  prob_std=0.0598
=================================================================
[2026-03-31 12:02:03] [INFO] 
=================================================================
  Epoch 016/150  [00:00:13]  LR=2.96e-04
  Train | Loss=0.4897 Acc=0.5250 F1=0.5870 AUC=N/A
  Val   | Loss=0.7477  Acc=0.4615  F1=0.6316  AUC=N/A  AP=N/A
  Val   | P=0.4615 R=1.0000  Spec=0.0000  TP=6 FP=7 TN=0 FN=0
  Val   | prob_mean=0.7701  prob_std=0.0578
=================================================================
[2026-03-31 12:02:16] [INFO] 
=================================================================
  Epoch 017/150  [00:00:13]  LR=2.95e-04
  Train | Loss=0.5493 Acc=0.5125 F1=0.5301 AUC=N/A
  Val   | Loss=0.6425  Acc=0.4615  F1=0.6316  AUC=N/A  AP=N/A
  Val   | P=0.4615 R=1.0000  Spec=0.0000  TP=6 FP=7 TN=0 FN=0
  Val   | prob_mean=0.7641  prob_std=0.0180  ← 模型输出无区分度！
=================================================================
[2026-03-31 12:02:29] [INFO] 
=================================================================
  Epoch 018/150  [00:00:13]  LR=2.94e-04
  Train | Loss=0.5032 Acc=0.4750 F1=0.5000 AUC=N/A
  Val   | Loss=0.5366  Acc=0.4615  F1=0.6316  AUC=N/A  AP=N/A
  Val   | P=0.4615 R=1.0000  Spec=0.0000  TP=6 FP=7 TN=0 FN=0
  Val   | prob_mean=0.6786  prob_std=0.0245  ← 模型输出无区分度！
=================================================================
[2026-03-31 12:02:42] [INFO] 
=================================================================
  Epoch 019/150  [00:00:13]  LR=2.93e-04
  Train | Loss=0.4773 Acc=0.5125 F1=0.5618 AUC=N/A
  Val   | Loss=0.4951  Acc=0.4615  F1=0.6316  AUC=N/A  AP=N/A
  Val   | P=0.4615 R=1.0000  Spec=0.0000  TP=6 FP=7 TN=0 FN=0
  Val   | prob_mean=0.6048  prob_std=0.0418  ← 模型输出无区分度！
=================================================================
[2026-03-31 12:02:55] [INFO] 
=================================================================
  Epoch 020/150  [00:00:13]  LR=2.92e-04
  Train | Loss=0.5372 Acc=0.5625 F1=0.6237 AUC=N/A
  Val   | Loss=0.5606  Acc=0.4615  F1=0.6316  AUC=N/A  AP=N/A
  Val   | P=0.4615 R=1.0000  Spec=0.0000  TP=6 FP=7 TN=0 FN=0
  Val   | prob_mean=0.6843  prob_std=0.0386  ← 模型输出无区分度！
=================================================================
[2026-03-31 12:03:10] [INFO] 
=================================================================
  Epoch 021/150  [00:00:13]  LR=2.91e-04
  Train | Loss=0.5332 Acc=0.5125 F1=0.5517 AUC=N/A
  Val   | Loss=0.6452  Acc=0.4615  F1=0.6316  AUC=N/A  AP=N/A
  Val   | P=0.4615 R=1.0000  Spec=0.0000  TP=6 FP=7 TN=0 FN=0
  Val   | prob_mean=0.7672  prob_std=0.0179  ← 模型输出无区分度！
=================================================================
[2026-03-31 12:03:23] [INFO] 
=================================================================
  Epoch 022/150  [00:00:13]  LR=2.90e-04
  Train | Loss=0.4515 Acc=0.6625 F1=0.6747 AUC=N/A
  Val   | Loss=0.6129  Acc=0.4615  F1=0.6316  AUC=N/A  AP=N/A
  Val   | P=0.4615 R=1.0000  Spec=0.0000  TP=6 FP=7 TN=0 FN=0
  Val   | prob_mean=0.7449  prob_std=0.0172  ← 模型输出无区分度！
=================================================================
[2026-03-31 12:03:36] [INFO] 
=================================================================
  Epoch 023/150  [00:00:12]  LR=2.89e-04
  Train | Loss=0.5909 Acc=0.4375 F1=0.4828 AUC=N/A
  Val   | Loss=0.5038  Acc=0.4615  F1=0.6316  AUC=N/A  AP=N/A
  Val   | P=0.4615 R=1.0000  Spec=0.0000  TP=6 FP=7 TN=0 FN=0
  Val   | prob_mean=0.6475  prob_std=0.0232  ← 模型输出无区分度！
=================================================================
[2026-03-31 12:03:49] [INFO] 
=================================================================
  Epoch 024/150  [00:00:13]  LR=2.88e-04
  Train | Loss=0.4348 Acc=0.6000 F1=0.6279 AUC=N/A
  Val   | Loss=0.4431  Acc=0.3846  F1=0.3333  AUC=N/A  AP=N/A
  Val   | P=0.3333 R=0.3333  Spec=0.4286  TP=2 FP=4 TN=3 FN=4
  Val   | prob_mean=0.4836  prob_std=0.0740
=================================================================
[2026-03-31 12:04:02] [INFO] 
=================================================================
  Epoch 025/150  [00:00:12]  LR=2.86e-04
  Train | Loss=0.5254 Acc=0.6125 F1=0.6173 AUC=N/A
  Val   | Loss=0.4597  Acc=0.5385  F1=0.4000  AUC=N/A  AP=N/A
  Val   | P=0.5000 R=0.3333  Spec=0.7143  TP=2 FP=2 TN=5 FN=4
  Val   | prob_mean=0.4175  prob_std=0.0867
=================================================================
[2026-03-31 12:04:17] [INFO] 
=================================================================
  Epoch 026/150  [00:00:12]  LR=2.85e-04
  Train | Loss=0.5376 Acc=0.5000 F1=0.5455 AUC=N/A
  Val   | Loss=0.4505  Acc=0.4615  F1=0.3636  AUC=N/A  AP=N/A
  Val   | P=0.4000 R=0.3333  Spec=0.5714  TP=2 FP=3 TN=4 FN=4
  Val   | prob_mean=0.4549  prob_std=0.0714
=================================================================
[2026-03-31 12:04:30] [INFO] 
=================================================================
  Epoch 027/150  [00:00:13]  LR=2.83e-04
  Train | Loss=0.4712 Acc=0.5500 F1=0.5814 AUC=N/A
  Val   | Loss=0.4462  Acc=0.5385  F1=0.6250  AUC=N/A  AP=N/A
  Val   | P=0.5000 R=0.8333  Spec=0.2857  TP=5 FP=5 TN=2 FN=1
  Val   | prob_mean=0.5473  prob_std=0.0484  ← 模型输出无区分度！
=================================================================
[2026-03-31 12:04:43] [INFO] 
=================================================================
  Epoch 028/150  [00:00:12]  LR=2.82e-04
  Train | Loss=0.5823 Acc=0.4375 F1=0.3284 AUC=N/A
  Val   | Loss=0.4651  Acc=0.4615  F1=0.6316  AUC=N/A  AP=N/A
  Val   | P=0.4615 R=1.0000  Spec=0.0000  TP=6 FP=7 TN=0 FN=0
  Val   | prob_mean=0.5972  prob_std=0.0432  ← 模型输出无区分度！
=================================================================
[2026-03-31 12:04:56] [INFO] 
=================================================================
  Epoch 029/150  [00:00:12]  LR=2.80e-04
  Train | Loss=0.4629 Acc=0.5625 F1=0.6154 AUC=N/A
  Val   | Loss=0.4519  Acc=0.4615  F1=0.3636  AUC=N/A  AP=N/A
  Val   | P=0.4000 R=0.3333  Spec=0.5714  TP=2 FP=3 TN=4 FN=4
  Val   | prob_mean=0.4709  prob_std=0.0732
=================================================================
[2026-03-31 12:05:09] [INFO] 
=================================================================
  Epoch 030/150  [00:00:13]  LR=2.79e-04
  Train | Loss=0.5206 Acc=0.5125 F1=0.5185 AUC=N/A
  Val   | Loss=0.5408  Acc=0.5385  F1=0.0000  AUC=N/A  AP=N/A
  Val   | P=0.0000 R=0.0000  Spec=1.0000  TP=0 FP=0 TN=7 FN=6
  Val   | prob_mean=0.2607  prob_std=0.0440  ← 模型输出无区分度！
=================================================================
[2026-03-31 12:05:23] [INFO] 
=================================================================
  Epoch 031/150  [00:00:12]  LR=2.77e-04
  Train | Loss=0.4584 Acc=0.5625 F1=0.5783 AUC=N/A
  Val   | Loss=0.6021  Acc=0.5385  F1=0.0000  AUC=N/A  AP=N/A
  Val   | P=0.0000 R=0.0000  Spec=1.0000  TP=0 FP=0 TN=7 FN=6
  Val   | prob_mean=0.2075  prob_std=0.0247  ← 模型输出无区分度！
=================================================================
[2026-03-31 12:05:36] [INFO] 
=================================================================
  Epoch 032/150  [00:00:12]  LR=2.75e-04
  Train | Loss=0.5222 Acc=0.4500 F1=0.4500 AUC=N/A
  Val   | Loss=0.5600  Acc=0.5385  F1=0.0000  AUC=N/A  AP=N/A
  Val   | P=0.0000 R=0.0000  Spec=1.0000  TP=0 FP=0 TN=7 FN=6
  Val   | prob_mean=0.2396  prob_std=0.0278  ← 模型输出无区分度！
=================================================================
[2026-03-31 12:05:49] [INFO] 
=================================================================
  Epoch 033/150  [00:00:12]  LR=2.73e-04
  Train | Loss=0.4881 Acc=0.5625 F1=0.5455 AUC=N/A
  Val   | Loss=0.4930  Acc=0.5385  F1=0.0000  AUC=N/A  AP=N/A
  Val   | P=0.0000 R=0.0000  Spec=1.0000  TP=0 FP=0 TN=7 FN=6
  Val   | prob_mean=0.3031  prob_std=0.0324  ← 模型输出无区分度！
=================================================================
[2026-03-31 12:06:02] [INFO] 
=================================================================
  Epoch 034/150  [00:00:13]  LR=2.71e-04
  Train | Loss=0.4874 Acc=0.4750 F1=0.5000 AUC=N/A
  Val   | Loss=0.4579  Acc=0.5385  F1=0.0000  AUC=N/A  AP=N/A
  Val   | P=0.0000 R=0.0000  Spec=1.0000  TP=0 FP=0 TN=7 FN=6
  Val   | prob_mean=0.3820  prob_std=0.0480  ← 模型输出无区分度！
=================================================================
[2026-03-31 12:06:15] [INFO] 
=================================================================
  Epoch 035/150  [00:00:13]  LR=2.70e-04
  Train | Loss=0.5373 Acc=0.5000 F1=0.5238 AUC=N/A
  Val   | Loss=0.4586  Acc=0.4615  F1=0.0000  AUC=N/A  AP=N/A
  Val   | P=0.0000 R=0.0000  Spec=0.8571  TP=0 FP=1 TN=6 FN=6
  Val   | prob_mean=0.4003  prob_std=0.0606
=================================================================
[2026-03-31 12:06:17] [INFO] Early stopping triggered (no improvement for 30 epochs).
[2026-03-31 12:06:17] [INFO] 
Training complete in 00:07:53 | Best val F1: 0.6316
